<?xml version="1.0" encoding="UTF-8"?>
<testng-results skipped="0" failed="0" ignored="0" total="1" passed="1">
  <reporter-output>
  </reporter-output>
  <suite name="Default suite" duration-ms="3175" started-at="2020-09-04T16:24:11 EDT" finished-at="2020-09-04T16:24:14 EDT">
    <groups>
    </groups>
    <test name="Default test" duration-ms="3175" started-at="2020-09-04T16:24:11 EDT" finished-at="2020-09-04T16:24:14 EDT">
      <class name="com.api.tests.TestOne">
        <test-method status="PASS" signature="getClients()[pri:0, instance:com.api.tests.TestOne@5e853265]" name="getClients" duration-ms="3119" started-at="2020-09-04T16:24:11 EDT" finished-at="2020-09-04T16:24:14 EDT">
          <reporter-output>
          </reporter-output>
        </test-method> <!-- getClients -->
      </class> <!-- com.api.tests.TestOne -->
    </test> <!-- Default test -->
  </suite> <!-- Default suite -->
</testng-results>
